[handleMsg]:  {
  SmsMessageSid: 'SM21b917560b3ecf91f211a6f2aa0f7108',
  NumMedia: '0',
  ProfileName: 'William Melo',
  MessageType: 'text',
  SmsSid: 'SM21b917560b3ecf91f211a6f2aa0f7108',
  WaId: '573238420584',
  SmsStatus: 'received',
  Body: 'Holap!',
  To: 'whatsapp:+14155238886',
  NumSegments: '1',
  ReferralNumMedia: '0',
  MessageSid: 'SM21b917560b3ecf91f211a6f2aa0f7108',
  AccountSid: 'AC67616d075f635c6e1b916b8fdac2dca6',
  From: 'whatsapp:+573238420584',
  ApiVersion: '2010-04-01',
  from: '573238420584',
  to: '14155238886',
  body: 'Holap!'
}
[handleMsg]:  {
  SmsMessageSid: 'SM9b5939ad66a55810f30f3df1e3c18e24',
  NumMedia: '0',
  ProfileName: 'William Melo',
  MessageType: 'text',
  SmsSid: 'SM9b5939ad66a55810f30f3df1e3c18e24',
  WaId: '573238420584',
  SmsStatus: 'received',
  Body: 'Holap',
  To: 'whatsapp:+14155238886',
  NumSegments: '1',
  ReferralNumMedia: '0',
  MessageSid: 'SM9b5939ad66a55810f30f3df1e3c18e24',
  AccountSid: 'AC67616d075f635c6e1b916b8fdac2dca6',
  From: 'whatsapp:+573238420584',
  ApiVersion: '2010-04-01',
  from: '573238420584',
  to: '14155238886',
  body: 'Holap'
}
[QUEUE_SE_ENVIO]:  {
  ref: 'ans_f870b732-f0a9-4baa-9094-2f6634f49913',
  keyword: 'key_b2772fac-ca67-4721-872a-5289705273cd',
  answer: '¡Hola! 👋🏻 Soy el asistente virtual de ViTurno. 🔔 Estoy aquí para ayudarte a encontrar el mejor plan de software de turno virtual para tu negocio.',
  options: {
    media: null,
    buttons: [],
    capture: false,
    child: null,
    delay: 0,
    idle: null,
    ref: null,
    nested: [],
    keyword: {},
    callback: false
  },
  refSerialize: 'ed540de65491bd24fe4d00d78bb92272'
}
[QUEUE_SE_ENVIO]:  {
  ref: 'ans_cf35d0ff-5e57-407f-bc34-6661db5261fa',
  keyword: 'ans_f870b732-f0a9-4baa-9094-2f6634f49913',
  answer: 'Para ofrecerte la mejor recomendación, ¿te parece si te hago unas preguntas rápidas sobre tu empresa?\n' +
    '1️⃣ Sí, estoy de acuerdo\n' +
    '2️⃣ No, gracias',
  options: {
    media: null,
    buttons: [],
    capture: true,
    child: null,
    delay: 0,
    idle: null,
    ref: null,
    nested: [],
    keyword: {},
    callback: true
  },
  refSerialize: 'a8ab6605499806dbf170ce624601ab40'
}
[handleMsg]:  {
  SmsMessageSid: 'SM8ee178d486722b9293e17f5a253db78e',
  NumMedia: '0',
  ProfileName: 'William Melo',
  MessageType: 'text',
  SmsSid: 'SM8ee178d486722b9293e17f5a253db78e',
  WaId: '573238420584',
  SmsStatus: 'received',
  Body: '1',
  To: 'whatsapp:+14155238886',
  NumSegments: '1',
  ReferralNumMedia: '0',
  MessageSid: 'SM8ee178d486722b9293e17f5a253db78e',
  AccountSid: 'AC67616d075f635c6e1b916b8fdac2dca6',
  From: 'whatsapp:+573238420584',
  ApiVersion: '2010-04-01',
  from: '573238420584',
  to: '14155238886',
  body: '1'
}
[handleMsg]:  {
  SmsMessageSid: 'SMe7e85d6e5e66571539af26c98f1f3ae9',
  NumMedia: '0',
  ProfileName: 'William Melo',
  MessageType: 'text',
  SmsSid: 'SMe7e85d6e5e66571539af26c98f1f3ae9',
  WaId: '573238420584',
  SmsStatus: 'received',
  Body: 'Dientes y Más',
  To: 'whatsapp:+14155238886',
  NumSegments: '1',
  ReferralNumMedia: '0',
  MessageSid: 'SMe7e85d6e5e66571539af26c98f1f3ae9',
  AccountSid: 'AC67616d075f635c6e1b916b8fdac2dca6',
  From: 'whatsapp:+573238420584',
  ApiVersion: '2010-04-01',
  from: '573238420584',
  to: '14155238886',
  body: 'Dientes y Más'
}
[handleMsg]:  {
  SmsMessageSid: 'SM440172781ea6ccbc0c8cb9ea08eb3521',
  NumMedia: '0',
  ProfileName: 'William Melo',
  MessageType: 'text',
  SmsSid: 'SM440172781ea6ccbc0c8cb9ea08eb3521',
  WaId: '573238420584',
  SmsStatus: 'received',
  Body: 'Colombia',
  To: 'whatsapp:+14155238886',
  NumSegments: '1',
  ReferralNumMedia: '0',
  MessageSid: 'SM440172781ea6ccbc0c8cb9ea08eb3521',
  AccountSid: 'AC67616d075f635c6e1b916b8fdac2dca6',
  From: 'whatsapp:+573238420584',
  ApiVersion: '2010-04-01',
  from: '573238420584',
  to: '14155238886',
  body: 'Colombia'
}
[handleMsg]:  {
  SmsMessageSid: 'SMcd1042e5cfc05b4df42700f4854a01b2',
  NumMedia: '0',
  ProfileName: 'William Melo',
  MessageType: 'text',
  SmsSid: 'SMcd1042e5cfc05b4df42700f4854a01b2',
  WaId: '573238420584',
  SmsStatus: 'received',
  Body: '1',
  To: 'whatsapp:+14155238886',
  NumSegments: '1',
  ReferralNumMedia: '0',
  MessageSid: 'SMcd1042e5cfc05b4df42700f4854a01b2',
  AccountSid: 'AC67616d075f635c6e1b916b8fdac2dca6',
  From: 'whatsapp:+573238420584',
  ApiVersion: '2010-04-01',
  from: '573238420584',
  to: '14155238886',
  body: '1'
}
[handleMsg]:  {
  SmsMessageSid: 'SMc55f046e8ac5ea0671fcbc35a95d5e7c',
  NumMedia: '0',
  ProfileName: 'William Melo',
  MessageType: 'text',
  SmsSid: 'SMc55f046e8ac5ea0671fcbc35a95d5e7c',
  WaId: '573238420584',
  SmsStatus: 'received',
  Body: '1',
  To: 'whatsapp:+14155238886',
  NumSegments: '1',
  ReferralNumMedia: '0',
  MessageSid: 'SMc55f046e8ac5ea0671fcbc35a95d5e7c',
  AccountSid: 'AC67616d075f635c6e1b916b8fdac2dca6',
  From: 'whatsapp:+573238420584',
  ApiVersion: '2010-04-01',
  from: '573238420584',
  to: '14155238886',
  body: '1'
}
[handleMsg]:  {
  SmsMessageSid: 'SM38bfe447832e7feaacf97d721869d38a',
  NumMedia: '0',
  ProfileName: 'William Melo',
  MessageType: 'text',
  SmsSid: 'SM38bfe447832e7feaacf97d721869d38a',
  WaId: '573238420584',
  SmsStatus: 'received',
  Body: '3',
  To: 'whatsapp:+14155238886',
  NumSegments: '1',
  ReferralNumMedia: '0',
  MessageSid: 'SM38bfe447832e7feaacf97d721869d38a',
  AccountSid: 'AC67616d075f635c6e1b916b8fdac2dca6',
  From: 'whatsapp:+573238420584',
  ApiVersion: '2010-04-01',
  from: '573238420584',
  to: '14155238886',
  body: '3'
}
